<?xml version="1.0" encoding="UTF-8"?>
<testng-results ignored="0" total="1" passed="1" failed="0" skipped="0">
  <reporter-output>
  </reporter-output>
  <suite started-at="2022-09-27T10:45:39Z" name="Default suite" finished-at="2022-09-27T10:45:39Z" duration-ms="75">
    <groups>
    </groups>
    <test started-at="2022-09-27T10:45:39Z" name="Default test" finished-at="2022-09-27T10:45:39Z" duration-ms="75">
      <class name="Com.test.DemoTest">
        <test-method signature="test01()[pri:0, instance:Com.test.DemoTest@1b8a29df]" started-at="2022-09-27T10:45:39Z" name="test01" finished-at="2022-09-27T10:45:39Z" duration-ms="24" status="PASS">
          <reporter-output>
          </reporter-output>
        </test-method> <!-- test01 -->
      </class> <!-- Com.test.DemoTest -->
    </test> <!-- Default test -->
  </suite> <!-- Default suite -->
</testng-results>
